<?xml version="1.0" encoding="UTF-8"?>
<!-- Generated by org.testng.reporters.JUnitXMLReporter -->
<testsuite ignored="0" hostname="DESKTOP-P7QLHB2" failures="0" tests="14" name="Surefire test" time="34.462" errors="0" timestamp="2024-04-22T10:00:45 IST">
  <testcase classname="api.test.DDTests" name="testPostUser" time="5.725"/>
  <testcase classname="api.test.DDTests" name="testPostUser" time="1.406"/>
  <testcase classname="api.test.DDTests" name="testPostUser" time="1.382"/>
  <testcase classname="api.test.DDTests" name="testPostUser" time="1.364"/>
  <testcase classname="api.test.DDTests" name="testPostUser" time="1.515"/>
  <testcase classname="api.test.DDTests" name="testDeleteByName" time="1.417"/>
  <testcase classname="api.test.DDTests" name="testDeleteByName" time="1.956"/>
  <testcase classname="api.test.DDTests" name="testDeleteByName" time="2.03"/>
  <testcase classname="api.test.DDTests" name="testDeleteByName" time="1.544"/>
  <testcase classname="api.test.DDTests" name="testDeleteByName" time="2.169"/>
  <testcase classname="api.test.UserTest" name="testUser" time="1.514"/>
  <testcase classname="api.test.UserTest" name="testGetUserByName" time="1.555"/>
  <testcase classname="api.test.UserTest" name="testUpdateUserByName" time="3.409"/>
  <testcase classname="api.test.UserTest" name="testDeleteUserByName" time="2.049"/>
</testsuite> <!-- Surefire test -->
