<?xml version="1.0" encoding="UTF-8"?>
<!-- Generated by org.testng.reporters.JUnitXMLReporter -->
<testsuite ignored="0" hostname="DESKTOP-P7QLHB2" failures="0" tests="10" name="Default test" time="23.811" errors="0" timestamp="2024-04-19T17:41:27 IST">
  <testcase classname="api.test.DDTests" name="testPostUser" time="5.938"/>
  <testcase classname="api.test.DDTests" name="testPostUser" time="1.879"/>
  <testcase classname="api.test.DDTests" name="testPostUser" time="1.599"/>
  <testcase classname="api.test.DDTests" name="testPostUser" time="1.768"/>
  <testcase classname="api.test.DDTests" name="testPostUser" time="1.58"/>
  <testcase classname="api.test.DDTests" name="testDeleteByName" time="1.579"/>
  <testcase classname="api.test.DDTests" name="testDeleteByName" time="1.595"/>
  <testcase classname="api.test.DDTests" name="testDeleteByName" time="1.599"/>
  <testcase classname="api.test.DDTests" name="testDeleteByName" time="1.594"/>
  <testcase classname="api.test.DDTests" name="testDeleteByName" time="1.442"/>
</testsuite> <!-- Default test -->
