<?xml version="1.0" encoding="UTF-8"?>
<!-- Generated by org.testng.reporters.JUnitXMLReporter -->
<testsuite ignored="0" hostname="DESKTOP-P7QLHB2" failures="0" tests="4" name="Command line test" time="14.174" errors="0" timestamp="2024-04-22T09:04:38 IST">
  <testcase classname="api.test.UserTest" name="testUser" time="5.95"/>
  <testcase classname="api.test.UserTest" name="testGetUserByName" time="1.57"/>
  <testcase classname="api.test.UserTest" name="testUpdateUserByName" time="3.192"/>
  <testcase classname="api.test.UserTest" name="testDeleteUserByName" time="1.596"/>
</testsuite> <!-- Command line test -->
