<?xml version="1.0" encoding="UTF-8"?>
<testsuite xmlns:xsi="http://www.w3.org/2001/XMLSchema-instance" xsi:noNamespaceSchemaLocation="https://maven.apache.org/surefire/maven-surefire-plugin/xsd/surefire-test-report-3.0.xsd" version="3.0" name="TestSuite" time="36.464" tests="14" errors="0" skipped="0" failures="0">
  <properties>
[...]
</properties>
  <testcase name="testPostUser[1010, testUser1, John, Canedy, a@gmail.com, test@1, 1234567890](1)" classname="api.test.DDTests" time="5.776">
    <system-out><![CDATA[2024-04-22T04:30:12.631149800Z main ERROR Unrecognized format specifier [p]
2024-04-22T04:30:12.647153300Z main ERROR Unrecognized conversion specifier [p] starting at position 46 in conversion pattern.
2024-04-22T04:30:12.647153300Z main ERROR Unrecognized format specifier [m]
2024-04-22T04:30:12.648397200Z main ERROR Unrecognized conversion specifier [m] starting at position 49 in conversion pattern.
2024-04-22T04:30:12.648397200Z main ERROR Unrecognized format specifier [n]
2024-04-22T04:30:12.649148600Z main ERROR Unrecognized conversion specifier [n] starting at position 51 in conversion pattern.
HTTP/1.1 200 OK
Date: Mon, 22 Apr 2024 04:30:23 GMT
Content-Type: application/json
Transfer-Encoding: chunked
Connection: keep-alive
Access-Control-Allow-Origin: *
Access-Control-Allow-Methods: GET, POST, DELETE, PUT
Access-Control-Allow-Headers: Content-Type, api_key, Authorization
Server: Jetty(9.2.9.v20150224)

{
    "code": 200,
    "type": "unknown",
    "message": "1010"
}
]]></system-out>
    <system-err><![CDATA[SLF4J: Failed to load class "org.slf4j.impl.StaticLoggerBinder".
SLF4J: Defaulting to no-operation (NOP) logger implementation
SLF4J: See http://www.slf4j.org/codes.html#StaticLoggerBinder for further details.
]]></system-err>
  </testcase>
  <testcase name="testPostUser[1020, testUser2, Kim, Kom, b@gmail.com, test@2, 1234567890](2)" classname="api.test.DDTests" time="1.344">
    <system-out><![CDATA[HTTP/1.1 200 OK
Date: Mon, 22 Apr 2024 04:30:24 GMT
Content-Type: application/json
Transfer-Encoding: chunked
Connection: keep-alive
Access-Control-Allow-Origin: *
Access-Control-Allow-Methods: GET, POST, DELETE, PUT
Access-Control-Allow-Headers: Content-Type, api_key, Authorization
Server: Jetty(9.2.9.v20150224)

{
    "code": 200,
    "type": "unknown",
    "message": "1020"
}
]]></system-out>
  </testcase>
  <testcase name="testPostUser[1030, testUser3, Smith, Steve, c@gmail.com, test@3, 1234567890](3)" classname="api.test.DDTests" time="1.367">
    <system-out><![CDATA[HTTP/1.1 200 OK
Date: Mon, 22 Apr 2024 04:30:26 GMT
Content-Type: application/json
Transfer-Encoding: chunked
Connection: keep-alive
Access-Control-Allow-Origin: *
Access-Control-Allow-Methods: GET, POST, DELETE, PUT
Access-Control-Allow-Headers: Content-Type, api_key, Authorization
Server: Jetty(9.2.9.v20150224)

{
    "code": 200,
    "type": "unknown",
    "message": "1030"
}
]]></system-out>
  </testcase>
  <testcase name="testPostUser[1040, testUser4, Pavan, Kumar, p@gmail.com, test@4, 1234567890](4)" classname="api.test.DDTests" time="1.479">
    <system-out><![CDATA[HTTP/1.1 200 OK
Date: Mon, 22 Apr 2024 04:30:27 GMT
Content-Type: application/json
Transfer-Encoding: chunked
Connection: keep-alive
Access-Control-Allow-Origin: *
Access-Control-Allow-Methods: GET, POST, DELETE, PUT
Access-Control-Allow-Headers: Content-Type, api_key, Authorization
Server: Jetty(9.2.9.v20150224)

{
    "code": 200,
    "type": "unknown",
    "message": "1040"
}
]]></system-out>
  </testcase>
  <testcase name="testPostUser[1050, testUser5, Chinthalli, Deevana, d@gmail.com, test@5, 1234567890](5)" classname="api.test.DDTests" time="1.399">
    <system-out><![CDATA[HTTP/1.1 200 OK
Date: Mon, 22 Apr 2024 04:30:29 GMT
Content-Type: application/json
Transfer-Encoding: chunked
Connection: keep-alive
Access-Control-Allow-Origin: *
Access-Control-Allow-Methods: GET, POST, DELETE, PUT
Access-Control-Allow-Headers: Content-Type, api_key, Authorization
Server: Jetty(9.2.9.v20150224)

{
    "code": 200,
    "type": "unknown",
    "message": "1050"
}
]]></system-out>
  </testcase>
  <testcase name="testDeleteByName[testUser1](1)" classname="api.test.DDTests" time="1.418"/>
  <testcase name="testDeleteByName[testUser2](2)" classname="api.test.DDTests" time="1.956"/>
  <testcase name="testDeleteByName[testUser3](3)" classname="api.test.DDTests" time="2.03"/>
  <testcase name="testDeleteByName[testUser4](4)" classname="api.test.DDTests" time="1.544"/>
  <testcase name="testDeleteByName[testUser5](5)" classname="api.test.DDTests" time="2.169"/>
  <testcase name="testUser" classname="api.test.UserTest" time="1.53">
    <system-out><![CDATA[HTTP/1.1 200 OK
Date: Mon, 22 Apr 2024 04:30:40 GMT
Content-Type: application/json
Transfer-Encoding: chunked
Connection: keep-alive
Access-Control-Allow-Origin: *
Access-Control-Allow-Methods: GET, POST, DELETE, PUT
Access-Control-Allow-Headers: Content-Type, api_key, Authorization
Server: Jetty(9.2.9.v20150224)

{
    "code": 200,
    "type": "unknown",
    "message": "509636452"
}
]]></system-out>
  </testcase>
  <testcase name="testGetUserByName" classname="api.test.UserTest" time="1.543">
    <system-out><![CDATA[HTTP/1.1 200 OK
Date: Mon, 22 Apr 2024 04:30:41 GMT
Content-Type: application/json
Transfer-Encoding: chunked
Connection: keep-alive
Access-Control-Allow-Origin: *
Access-Control-Allow-Methods: GET, POST, DELETE, PUT
Access-Control-Allow-Headers: Content-Type, api_key, Authorization
Server: Jetty(9.2.9.v20150224)

{
    "id": 509636452,
    "username": "jonah.lind",
    "firstName": "Roseann",
    "lastName": "Emard",
    "email": "athena.green@example.com",
    "password": "wbr3rwr0",
    "phone": "(360) 812-7072",
    "userStatus": 0
}
]]></system-out>
  </testcase>
  <testcase name="testUpdateUserByName" classname="api.test.UserTest" time="3.424">
    <system-out><![CDATA[{
    "code": 200,
    "type": "unknown",
    "message": "509636452"
}
HTTP/1.1 200 OK
Date: Mon, 22 Apr 2024 04:30:45 GMT
Content-Type: application/json
Transfer-Encoding: chunked
Connection: keep-alive
Access-Control-Allow-Origin: *
Access-Control-Allow-Methods: GET, POST, DELETE, PUT
Access-Control-Allow-Headers: Content-Type, api_key, Authorization
Server: Jetty(9.2.9.v20150224)

{
    "id": 509636452,
    "username": "jonah.lind",
    "firstName": "Pierre",
    "lastName": "Metz",
    "email": "dustin.hegmann@example.com",
    "password": "wbr3rwr0",
    "phone": "(360) 812-7072",
    "userStatus": 0
}
]]></system-out>
  </testcase>
  <testcase name="testDeleteUserByName" classname="api.test.UserTest" time="2.041">
    <system-out><![CDATA[HTTP/1.1 200 OK
Date: Mon, 22 Apr 2024 04:30:47 GMT
Content-Type: application/json
Transfer-Encoding: chunked
Connection: keep-alive
Access-Control-Allow-Origin: *
Access-Control-Allow-Methods: GET, POST, DELETE, PUT
Access-Control-Allow-Headers: Content-Type, api_key, Authorization
Server: Jetty(9.2.9.v20150224)

{
    "code": 200,
    "type": "unknown",
    "message": "jonah.lind"
}
]]></system-out>
  </testcase>
</testsuite>