<?xml version="1.0" encoding="UTF-8" ?>
<testsuite tests="4" failures="0" name="api.test.UserTest" time="12.325" errors="0" skipped="0">
  <properties>
[...]
</properties>
  <testcase classname="api.test.UserTest" name="testUser" time="5.953"/>
  <testcase classname="api.test.UserTest" name="testGetUserByName" time="1.57"/>
  <testcase classname="api.test.UserTest" name="testUpdateUserByName" time="3.224"/>
  <testcase classname="api.test.UserTest" name="testDeleteUserByName" time="1.578"/>
</testsuite>