<?xml version="1.0" encoding="UTF-8"?>
<!-- Generated by org.testng.reporters.JUnitXMLReporter -->
<testsuite ignored="0" hostname="DESKTOP-P7QLHB2" failures="0" tests="10" name="PetTests" time="24.081" errors="0" timestamp="2024-04-22T08:31:51 IST">
  <testcase classname="api.test.DDTests" name="testPostUser" time="5.424"/>
  <testcase classname="api.test.DDTests" name="testPostUser" time="1.522"/>
  <testcase classname="api.test.DDTests" name="testPostUser" time="1.776"/>
  <testcase classname="api.test.DDTests" name="testPostUser" time="1.668"/>
  <testcase classname="api.test.DDTests" name="testPostUser" time="1.372"/>
  <testcase classname="api.test.DDTests" name="testDeleteByName" time="1.646"/>
  <testcase classname="api.test.DDTests" name="testDeleteByName" time="1.483"/>
  <testcase classname="api.test.DDTests" name="testDeleteByName" time="1.584"/>
  <testcase classname="api.test.DDTests" name="testDeleteByName" time="1.59"/>
  <testcase classname="api.test.DDTests" name="testDeleteByName" time="1.365"/>
</testsuite> <!-- PetTests -->
